[13:08:37] [main/INFO]: Setting user: Player518
[13:08:42] [main/WARN]: Skipping bad option: lastServer:
[13:08:42] [main/INFO]: LWJGL Version: 2.9.4
[13:08:46] [main/INFO]: Reloading ResourceManager: Default, FMLFileResourcePack:Forge Mod Loader, FMLFileResourcePack:Minecraft Forge, FMLFileResourcePack:Azarian Conquest
[13:09:03] [Sound Library Loader/INFO]: Starting up SoundSystem...
[13:09:04] [Thread-5/INFO]: Initializing LWJGL OpenAL
[13:09:04] [Thread-5/INFO]: (The LWJGL binding of OpenAL.  For more information, see http://www.lwjgl.org)
[13:09:04] [Thread-5/INFO]: OpenAL initialized.
[13:09:04] [Sound Library Loader/INFO]: Sound engine started
[13:09:08] [main/INFO]: Created: 512x512 textures-atlas
[13:09:10] [main/WARN]: Skipping bad option: lastServer:
[13:09:10] [main/INFO]: Narrator library for x64 successfully loaded
[13:09:11] [Realms Notification Availability checker #1/INFO]: Could not authorize you against Realms server: Invalid session id
[13:09:21] [Server thread/INFO]: Starting integrated minecraft server version 1.12
[13:09:21] [Server thread/INFO]: Generating keypair
[13:09:22] [Server thread/INFO]: Loaded 488 advancements
[13:09:22] [Server thread/INFO]: Preparing start region for level 0
[13:09:22] [Server thread/INFO]: Changing view distance to 12, from 10
[13:09:23] [Server thread/INFO]: Player518[local:E:2578c137] logged in with entity id 123 at (-93.50454413504232, 12.493135602235181, -223.13195656192175)
[13:09:23] [Server thread/INFO]: Player518 joined the game
[13:09:24] [Server thread/INFO]: Saving and pausing game...
[13:09:25] [Server thread/INFO]: Saving chunks for level 'New World'/overworld
[13:09:25] [Server thread/INFO]: Saving chunks for level 'New World'/the_nether
[13:09:25] [Server thread/INFO]: Saving chunks for level 'New World'/the_end
[13:09:25] [pool-2-thread-1/WARN]: Couldn't look up profile properties for com.mojang.authlib.GameProfile@2a106cd1[id=9c6f7109-b578-36c3-a272-028e06c40407,name=Player518,properties={},legacy=false]
com.mojang.authlib.exceptions.AuthenticationException: The client has sent too many requests within a certain amount of time
	at com.mojang.authlib.yggdrasil.YggdrasilAuthenticationService.makeRequest(YggdrasilAuthenticationService.java:79) ~[YggdrasilAuthenticationService.class:?]
	at com.mojang.authlib.yggdrasil.YggdrasilMinecraftSessionService.fillGameProfile(YggdrasilMinecraftSessionService.java:180) [YggdrasilMinecraftSessionService.class:?]
	at com.mojang.authlib.yggdrasil.YggdrasilMinecraftSessionService$1.load(YggdrasilMinecraftSessionService.java:60) [YggdrasilMinecraftSessionService$1.class:?]
	at com.mojang.authlib.yggdrasil.YggdrasilMinecraftSessionService$1.load(YggdrasilMinecraftSessionService.java:57) [YggdrasilMinecraftSessionService$1.class:?]
	at com.google.common.cache.LocalCache$LoadingValueReference.loadFuture(LocalCache.java:3716) [guava-21.0.jar:?]
	at com.google.common.cache.LocalCache$Segment.loadSync(LocalCache.java:2424) [guava-21.0.jar:?]
	at com.google.common.cache.LocalCache$Segment.lockedGetOrLoad(LocalCache.java:2298) [guava-21.0.jar:?]
	at com.google.common.cache.LocalCache$Segment.get(LocalCache.java:2211) [guava-21.0.jar:?]
	at com.google.common.cache.LocalCache.get(LocalCache.java:4154) [guava-21.0.jar:?]
	at com.google.common.cache.LocalCache.getOrLoad(LocalCache.java:4158) [guava-21.0.jar:?]
	at com.google.common.cache.LocalCache$LocalLoadingCache.get(LocalCache.java:5147) [guava-21.0.jar:?]
	at com.google.common.cache.LocalCache$LocalLoadingCache.getUnchecked(LocalCache.java:5153) [guava-21.0.jar:?]
	at com.mojang.authlib.yggdrasil.YggdrasilMinecraftSessionService.fillProfileProperties(YggdrasilMinecraftSessionService.java:170) [YggdrasilMinecraftSessionService.class:?]
	at net.minecraft.client.Minecraft.getProfileProperties(Minecraft.java:3172) [Minecraft.class:?]
	at net.minecraft.client.resources.SkinManager$3.run(SkinManager.java:138) [SkinManager$3.class:?]
	at java.util.concurrent.Executors$RunnableAdapter.call(Executors.java:511) [?:1.8.0_131]
	at java.util.concurrent.FutureTask.run(FutureTask.java:266) [?:1.8.0_131]
	at java.util.concurrent.ThreadPoolExecutor.runWorker(ThreadPoolExecutor.java:1142) [?:1.8.0_131]
	at java.util.concurrent.ThreadPoolExecutor$Worker.run(ThreadPoolExecutor.java:617) [?:1.8.0_131]
	at java.lang.Thread.run(Thread.java:748) [?:1.8.0_131]
[13:09:43] [Server thread/INFO]: Saving and pausing game...
[13:09:43] [Server thread/INFO]: Saving chunks for level 'New World'/overworld
[13:09:43] [Server thread/INFO]: Saving chunks for level 'New World'/the_nether
[13:09:43] [Server thread/INFO]: Saving chunks for level 'New World'/the_end
